<?xml version="1.0" encoding="UTF-8"?>
<!-- Generated by org.testng.reporters.JUnitReportReporter -->
<testsuite hostname="LAPTOP-65" failures="0" tests="3" name="rahulshettyacademy.Tests.submitOrderTest" time="15.792" errors="0" timestamp="2023-07-20T14:02:11 IST" skipped="0">
  <testcase classname="rahulshettyacademy.Tests.submitOrderTest" name="submitORD" time="8.608"/>
  <system-out/>
  <testcase classname="rahulshettyacademy.Tests.submitOrderTest" name="OrderHistoryTest" time="2.378"/>
  <system-out/>
  <testcase classname="rahulshettyacademy.Tests.submitOrderTest" name="submitORD" time="4.806"/>
  <system-out/>
</testsuite> <!-- rahulshettyacademy.Tests.submitOrderTest -->
